commit 80e8e6ad154a14e3b57a1afb2e1bdec2bb25e855
Merge: 802e5e3 4e942ea
Author: Victor Manuel Chavarria Barajas <74920786+vmchb76@users.noreply.github.com>
Date:   Tue Feb 7 19:57:30 2023 -0600

    Merge pull request #1 from skynet1976/readme2
    
    Readme2

commit 4e942eaddae7380cc4a9e1a79c96d99f4b0d51d0
Merge: 9068934 802e5e3
Author: skynet1976 <124114047+skynet1976@users.noreply.github.com>
Date:   Tue Feb 7 19:51:45 2023 -0600

    Merge branch 'main' into readme2

commit 90689344902b6d50a116842fb70a4082cee28f1c
Author: Viktor K <vmchb@icloud.com>
Date:   Tue Feb 7 19:39:44 2023 -0600

    Haciendo mejoras al README del repositorio

commit 229ef3c3d87c8434d4e2541d1bddf2c0e30ce42a
Author: Viktor K <vmchb@icloud.com>
Date:   Tue Feb 7 19:12:49 2023 -0600

    Agregando cambios desde la otra cuenta git

commit 926288db424900010b995d6d1d58b2f759b86e72
Author: Viktor K <vmchb@icloud.com>
Date:   Fri Feb 3 19:35:40 2023 -0600

    Cambio de prueba de la segunda cuenta de git

commit 802e5e3682f83931726debcf3bc1d7849283714c
Author: Victor Manuel Chavarria Barajas <victorm.chavarria@yahoo.com.mx>
Date:   Wed Feb 1 19:32:56 2023 -0600

    Commits de pruebas de la cuenta global

commit 8b2e21282399ef80698d093ff618a39b45c2d3b7
Author: Victor Manuel Chavarria Barajas <victorm.chavarria@yahoo.com.mx>
Date:   Wed Feb 1 19:19:03 2023 -0600

    Commit de prueba de la cuenta principal

commit 011e1a760d5b4a9488c5c54062ed02962e1466ab
Author: Viktor Kalasnikov <vmchb@icloud.com>
Date:   Wed Feb 1 19:10:25 2023 -0600

    Cambio de prueba en la otra cuenta de git

commit 070c7b07c3275dae1870ad7ba73499fed5c7a4ba
Author: Viktor Kalasnikov <vmchb@icloud.com>
Date:   Wed Feb 1 19:02:02 2023 -0600

    Cambio de prueba de la segunda cuenta de git

commit 29e0cfc7f994540dfb87997de8226134c0ee2abe
Author: Victor Manuel Chavarria Barajas <victorm.chavarria@yahoo.com.mx>
Date:   Tue Jan 31 20:39:21 2023 -0600

    Version 2.0.0

commit 31dcb850bbb83ed036cb67dd25066c30c839def6
Author: Victor Manuel Chavarria Barajas <victorm.chavarria@yahoo.com.mx>
Date:   Thu Jan 12 19:27:09 2023 -0600

    Agregando imagen de flujo Git y dandole presentacion al index.html

commit 7de31180c95cd3709042bcf8e6a1f4e53536b48c
Author: Victor Manuel Chavarria Barajas <victorm.chavarria@yahoo.com.mx>
Date:   Thu Jan 12 18:52:45 2023 -0600

    v1.0.0

commit 670d43b8bb7bef48b76db7b92c97a3216d4110e0
Author: Victor Manuel Chavarria Barajas <victorm.chavarria@yahoo.com.mx>
Date:   Wed Jan 11 18:08:45 2023 -0600

    Respaldando logs del repositorio

commit 394075030270fd6d34e56e4e9f3a8b8b72ca1797
Author: Victor Manuel Chavarria Barajas <victorm.chavarria@yahoo.com.mx>
Date:   Wed Jan 4 19:14:12 2023 -0600

    Agrgeando dos parrafos

commit d0cfdf520366059eaecc07913ccc8146b7df769b
Merge: 35eee5c 157d5c7
Author: Victor Manuel Chavarria Barajas <victorm.chavarria@yahoo.com.mx>
Date:   Wed Jan 4 19:11:24 2023 -0600

    Resolviendo conflicto en estaciones del año y fechas de inicio

commit 35eee5c6ebf6352ee280396c410e5db014256d88
Author: Victor Manuel Chavarria Barajas <victorm.chavarria@yahoo.com.mx>
Date:   Wed Jan 4 18:53:50 2023 -0600

    Agregando estaciones del año con fecha de inicio

commit 157d5c733e8cd1967a67899b213f82eaeaa3d8c6
Author: Victor Manuel Chavarria Barajas <victorm.chavarria@yahoo.com.mx>
Date:   Wed Jan 4 18:53:50 2023 -0600

    Agregando las estaciones del año

commit a0fb5530f20b9dbeeeb19559b839b819084a7308
Merge: b35ca24 d1a674e
Author: Victor Manuel Chavarria Barajas <victorm.chavarria@yahoo.com.mx>
Date:   Wed Jan 4 18:46:52 2023 -0600

    Resolviendo conflicto merge main/html en el documento index.html

commit d1a674eee329ba30f4cb18b6db738470b39834ed
Author: Victor Manuel Chavarria Barajas <victorm.chavarria@yahoo.com.mx>
Date:   Wed Jan 4 18:37:00 2023 -0600

    Agregando index.js al index.html

commit b35ca247c71c48060fbf0b809209fbef157757c8
Author: Victor Manuel Chavarria Barajas <victorm.chavarria@yahoo.com.mx>
Date:   Wed Jan 4 18:32:17 2023 -0600

    Agregando style.css al inmdex.html

commit 082c8b073ae683248796d8b36f0122636b8512d5
Merge: 55c8039 e5eef1f
Author: Victor Manuel Chavarria Barajas <victorm.chavarria@yahoo.com.mx>
Date:   Wed Jan 4 18:14:29 2023 -0600

    Merge branch 'js'

commit e5eef1fedeff1005dcced702786703aac1300f3b
Author: Victor Manuel Chavarria Barajas <victorm.chavarria@yahoo.com.mx>
Date:   Wed Jan 4 11:42:40 2023 -0600

    Creando index.js

commit 55c8039aa6401ccbdf67f98b58dc633f14b76c3d
Author: Victor Manuel Chavarria Barajas <victorm.chavarria@yahoo.com.mx>
Date:   Wed Jan 4 11:34:14 2023 -0600

    Creando style.css

commit 8881a67983fa750a592a965b459668217031b5c9
Author: Victor Manuel Chavarria Barajas <victorm.chavarria@yahoo.com.mx>
Date:   Wed Jan 4 11:28:23 2023 -0600

    Creando index.html

commit 27b4d80eee348e0a9978ad41184c2bfe25faa0c1
Author: Victor Manuel Chavarria Barajas <victorm.chavarria@yahoo.com.mx>
Date:   Tue Jan 3 20:15:41 2023 -0600

    Ignorando archivos .exe

commit 2a229ae06e3fa851524dfa4b302a7f3beb0113ca
Author: Victor Manuel Chavarria Barajas <74920786+vmchb76@users.noreply.github.com>
Date:   Tue Jan 3 19:28:04 2023 -0600

    Creando licencia del repositorio

commit cbfb6decdf3fa6d68bb5905dae065f5ed2b3150c
Author: Victor Manuel Chavarria Barajas <victorm.chavarria@yahoo.com.mx>
Date:   Tue Jan 3 19:14:08 2023 -0600

    Agregando mas contenido al README

commit a4673b9a6fc685cdc49211ad09385ac856fa4554
Author: Victor Manuel Chavarria Barajas <victorm.chavarria@yahoo.com.mx>
Date:   Mon Jan 2 20:20:36 2023 -0600

    Agregando contenido iniclal al README

commit f492ac7f014bcdc822bf1099ca75c570b8161ed1
Author: Victor Manuel Chavarria Barajas <victorm.chavarria@yahoo.com.mx>
Date:   Mon Jan 2 20:11:48 2023 -0600

    Primer Comit 😀
